2025-05-24 23:46:11 [INFO] ========================Process Started===================================
2025-05-24 23:49:13 [INFO] Data preprocessing completed.
2025-05-24 23:49:16 [INFO] Pretraining completed.
2025-05-24 23:50:16 [INFO] 
[3] Aggregating FedAvg leet hdpftl_models...
2025-05-24 23:50:16 [INFO] 
[5] Personalizing each client...
2025-05-24 23:50:20 [INFO] HDPFTL hdpftl_training and personalization completed.
2025-05-24 23:50:20 [INFO] Models saved.
2025-05-24 23:50:20 [INFO] 
[4] Evaluating global model...
2025-05-24 23:50:20 [INFO] Global Accuracy: 0.9038
2025-05-24 23:50:20 [INFO] Global Accuracy After Personalization for Client 0: 0.9038
2025-05-24 23:50:20 [INFO] 
[4] Evaluating global model...
2025-05-24 23:50:20 [INFO] Global Accuracy: 0.8854
2025-05-24 23:50:20 [INFO] Global Accuracy After Personalization for Client 1: 0.8854
2025-05-24 23:50:20 [INFO] 
[4] Evaluating global model...
2025-05-24 23:50:20 [INFO] Global Accuracy: 0.9479
2025-05-24 23:50:20 [INFO] Global Accuracy After Personalization for Client 2: 0.9479
2025-05-24 23:50:20 [INFO] 
[4] Evaluating global model...
2025-05-24 23:50:20 [INFO] Global Accuracy: 0.9418
2025-05-24 23:50:20 [INFO] Global Accuracy After Personalization for Client 3: 0.9418
2025-05-24 23:50:20 [INFO] 
[4] Evaluating global model...
2025-05-24 23:50:20 [INFO] Global Accuracy: 0.8760
2025-05-24 23:50:20 [INFO] Global Accuracy After Personalization for Client 4: 0.8760
2025-05-24 23:50:20 [INFO] 
[4] Evaluating global model...
2025-05-24 23:50:20 [INFO] Global Accuracy: 0.9231
2025-05-24 23:50:20 [INFO] Global Accuracy After Personalization for Client 5: 0.9231
2025-05-24 23:50:20 [INFO] 
[4] Evaluating global model...
2025-05-24 23:50:20 [INFO] Global Accuracy: 0.8085
2025-05-24 23:50:20 [INFO] Global Accuracy After Personalization for Client 6: 0.8085
2025-05-24 23:50:20 [INFO] 
[4] Evaluating global model...
2025-05-24 23:50:20 [INFO] Global Accuracy: 0.8008
2025-05-24 23:50:20 [INFO] Global Accuracy After Personalization for Client 7: 0.8008
2025-05-24 23:50:20 [INFO] 
[4] Evaluating global model...
2025-05-24 23:50:20 [INFO] Global Accuracy: 0.3149
2025-05-24 23:50:20 [INFO] Global Accuracy After Personalization for Client 8: 0.3149
2025-05-24 23:50:20 [INFO] 
[4] Evaluating global model...
2025-05-24 23:50:20 [INFO] Global Accuracy: 0.9157
2025-05-24 23:50:20 [INFO] Global Accuracy After Personalization for Client 9: 0.9157
2025-05-24 23:52:08 [INFO] ========================Process Started===================================
2025-05-24 23:55:15 [INFO] Data preprocessing completed.
2025-05-24 23:55:16 [INFO] Pretraining completed.
2025-05-24 23:56:50 [INFO] ========================Process Started===================================
2025-05-24 23:59:53 [INFO] Data preprocessing completed.
2025-05-24 23:59:56 [INFO] Pretraining completed.
2025-05-25 00:05:23 [INFO] ========================Process Started===================================
2025-05-25 00:08:27 [INFO] Data preprocessing completed.
2025-05-25 00:08:30 [INFO] Pretraining completed.
2025-05-25 00:09:30 [INFO] 
[5] Personalizing each Bayesian client...
2025-05-25 00:09:33 [INFO] HDPFTL hdpftl_training and personalization completed.
2025-05-25 00:09:33 [INFO] Models saved.
2025-05-25 00:09:33 [INFO] 
[4] Evaluating global model...
2025-05-25 00:09:33 [INFO] Global Accuracy: 0.2837
2025-05-25 00:09:33 [INFO] Global Accuracy After Personalization for Client 0: 0.2837
2025-05-25 00:09:33 [INFO] 
[4] Evaluating global model...
2025-05-25 00:09:33 [INFO] Global Accuracy: 0.9320
2025-05-25 00:09:33 [INFO] Global Accuracy After Personalization for Client 1: 0.9320
2025-05-25 00:09:33 [INFO] 
[4] Evaluating global model...
2025-05-25 00:09:33 [INFO] Global Accuracy: 0.8911
2025-05-25 00:09:33 [INFO] Global Accuracy After Personalization for Client 2: 0.8911
2025-05-25 00:09:33 [INFO] 
[4] Evaluating global model...
2025-05-25 00:09:33 [INFO] Global Accuracy: 0.1604
2025-05-25 00:09:33 [INFO] Global Accuracy After Personalization for Client 3: 0.1604
2025-05-25 00:09:33 [INFO] 
[4] Evaluating global model...
2025-05-25 00:09:33 [INFO] Global Accuracy: 0.7626
2025-05-25 00:09:33 [INFO] Global Accuracy After Personalization for Client 4: 0.7626
2025-05-25 00:09:33 [INFO] 
[4] Evaluating global model...
2025-05-25 00:09:33 [INFO] Global Accuracy: 0.3670
2025-05-25 00:09:33 [INFO] Global Accuracy After Personalization for Client 5: 0.3670
2025-05-25 00:09:33 [INFO] 
[4] Evaluating global model...
2025-05-25 00:09:34 [INFO] Global Accuracy: 0.5181
2025-05-25 00:09:34 [INFO] Global Accuracy After Personalization for Client 6: 0.5181
2025-05-25 00:09:34 [INFO] 
[4] Evaluating global model...
2025-05-25 00:09:34 [INFO] Global Accuracy: 0.5511
2025-05-25 00:09:34 [INFO] Global Accuracy After Personalization for Client 7: 0.5511
2025-05-25 00:09:34 [INFO] 
[4] Evaluating global model...
2025-05-25 00:09:34 [INFO] Global Accuracy: 0.0056
2025-05-25 00:09:34 [INFO] Global Accuracy After Personalization for Client 8: 0.0056
2025-05-25 00:09:34 [INFO] 
[4] Evaluating global model...
2025-05-25 00:09:34 [INFO] Global Accuracy: 0.9138
2025-05-25 00:09:34 [INFO] Global Accuracy After Personalization for Client 9: 0.9138
